1/1: 0...  success (640x480 at 30.00 FPS).

(480, 640, 3) (480, 640, 3) 1
>> Init 24.332993507385254
>> Inference: 1.092695713043213
Move the motor to (328.19683837890625, 202.015869140625)
>> Round: 1.2706630229949951
>> Inference: 0.41767096519470215
Move the motor to (337.1471252441406, 181.43862915039062)
>> Round: 0.4356670379638672
>> Inference: 0.4188988208770752
Move the motor to (336.0710144042969, 167.44935607910156)
>> Round: 0.4358792304992676
>> Inference: 0.42609071731567383
Move the motor to (333.29869079589844, 170.06542205810547)
>> Round: 0.4431571960449219
>> Inference: 0.418154239654541
Move the motor to (338.56443786621094, 169.01227569580078)
>> Round: 0.4350008964538574
>> Inference: 0.41139674186706543
Move the motor to (330.72691345214844, 166.41807556152344)
>> Round: 0.4284050464630127
>> Inference: 0.4102020263671875
Move the motor to (313.2051544189453, 171.571533203125)
>> Round: 0.4270148277282715
>> Inference: 0.4111156463623047
Move the motor to (304.46258544921875, 170.9768829345703)
>> Round: 0.4277803897857666
>> Inference: 0.41547656059265137
Move the motor to (304.1684875488281, 177.8669891357422)
>> Round: 0.43250179290771484
>> Inference: 0.4148132801055908
Move the motor to (304.9187774658203, 168.75019073486328)
>> Round: 0.4318544864654541
>> Inference: 0.41121721267700195
Move the motor to (297.54188537597656, 182.45012664794922)
>> Round: 0.42818284034729004
>> Inference: 0.4188516139984131
Move the motor to (296.48805236816406, 168.75019073486328)
>> Round: 0.4357306957244873
>> Inference: 0.4146006107330322
Move the motor to (291.21885681152344, 184.55780792236328)
>> Round: 0.43157029151916504
>> Inference: 0.4127316474914551
Move the motor to (285.3592071533203, 204.78700256347656)
>> Round: 0.4296395778656006
>> Inference: 0.41361165046691895
Move the motor to (289.2439422607422, 204.06851196289062)
>> Round: 0.4309227466583252
>> Inference: 0.41201114654541016
Move the motor to (282.98789978027344, 199.98319244384766)
>> Round: 0.4288768768310547
>> Inference: 0.4114975929260254
Move the motor to (293.2420654296875, 199.51760864257812)
>> Round: 0.4285774230957031
>> Inference: 0.4179863929748535
Move the motor to (298.7488098144531, 194.0108642578125)
>> Round: 0.4346303939819336
>> Inference: 0.41538119316101074
Move the motor to (304.25555419921875, 168.6798095703125)
>> Round: 0.4330887794494629
>> Inference: 0.4139530658721924
Move the motor to (318.5731201171875, 123.52445220947266)
>> Round: 0.4309060573577881
>> Inference: 0.4149963855743408
Move the motor to (325.4215545654297, 111.41072082519531)
>> Round: 0.4323296546936035
>> Inference: 0.41907548904418945
Move the motor to (306.02711486816406, 121.2694320678711)
>> Round: 0.4359264373779297
>> Inference: 0.4093155860900879
Move the motor to (301.21681213378906, 135.97576141357422)
>> Round: 0.42631006240844727
>> Inference: 0.41391682624816895
Move the motor to (306.3787078857422, 149.39673614501953)
>> Round: 0.43103575706481934
>> Inference: 0.41429615020751953
Move the motor to (307.577392578125, 146.8142547607422)
>> Round: 0.4313476085662842
>> Inference: 0.41457247734069824
Move the motor to (306.5670166015625, 149.84535217285156)
>> Round: 0.43186235427856445
>> Inference: 0.4119555950164795
Move the motor to (306.6761779785156, 156.01375579833984)
>> Round: 0.42931365966796875
>> Inference: 0.42012453079223633
Move the motor to (301.7320861816406, 157.00257110595703)
>> Round: 0.437408447265625
>> Inference: 0.4155879020690918
Move the motor to (298.9412841796875, 146.82003784179688)
>> Round: 0.4322082996368408
>> Inference: 0.41257452964782715
Move the motor to (307.8618469238281, 127.40687561035156)
>> Round: 0.4295687675476074
>> Inference: 0.4179961681365967
Move the motor to (320.3254089355469, 130.56914520263672)
>> Round: 0.43479275703430176
>> Inference: 0.4158518314361572
Move the motor to (313.5490417480469, 141.21770477294922)
>> Round: 0.4327118396759033
>> Inference: 0.4164116382598877
Move the motor to (300.9643859863281, 157.67456817626953)
>> Round: 0.43319201469421387
>> Inference: 0.4127383232116699
Move the motor to (301.9014587402344, 153.26226806640625)
>> Round: 0.42940855026245117
>> Inference: 0.4179966449737549
Move the motor to (304.7436828613281, 146.6304168701172)
>> Round: 0.4350285530090332
>> Inference: 0.4182591438293457
Move the motor to (303.7962646484375, 134.3141326904297)
>> Round: 0.43561291694641113
>> Inference: 0.41687703132629395
Move the motor to (302.8488464355469, 140.94598388671875)
>> Round: 0.4334685802459717
>> Inference: 0.4103271961212158
Move the motor to (303.7962646484375, 147.5778350830078)
>> Round: 0.42730283737182617
>> Inference: 0.40958642959594727
Move the motor to (302.8230285644531, 154.17491912841797)
>> Round: 0.4266214370727539
>> Inference: 0.41590380668640137
Move the motor to (305.6046447753906, 143.9756851196289)
>> Round: 0.4331362247467041
>> Inference: 0.4130086898803711
Move the motor to (303.8008270263672, 143.23992156982422)
>> Round: 0.4302499294281006
>> Inference: 0.412644624710083
Move the motor to (322.8568572998047, 133.25818634033203)
>> Round: 0.42990875244140625
>> Inference: 0.4155573844909668
Move the motor to (343.7277374267578, 143.23992156982422)
>> Round: 0.4330599308013916
>> Inference: 0.4163854122161865
Move the motor to (326.8014678955078, 132.69276428222656)
>> Round: 0.4333786964416504
>> Inference: 0.4158508777618408
Move the motor to (303.6138153076172, 142.8953399658203)
>> Round: 0.4325268268585205
>> Inference: 0.4114265441894531
Move the motor to (291.5562286376953, 147.53286743164062)
>> Round: 0.4284391403198242
>> Inference: 0.4115900993347168
Move the motor to (294.33876037597656, 135.47528076171875)
>> Round: 0.42910003662109375
>> Inference: 0.41369009017944336
Move the motor to (331.8702392578125, 145.46772003173828)
>> Round: 0.43039369583129883
>> Inference: 0.41797566413879395
Move the motor to (343.06097412109375, 152.45458984375)
>> Round: 0.4347400665283203
>> Inference: 0.41457080841064453
Move the motor to (329.9738082885742, 149.95335388183594)
>> Round: 0.43124842643737793
>> Inference: 0.4195685386657715
Move the motor to (343.9177551269531, 140.7588119506836)
>> Round: 0.4366796016693115
>> Inference: 0.41524338722229004
Move the motor to (307.3297424316406, 133.1008529663086)
>> Round: 0.43225741386413574
>> Inference: 0.4126551151275635
Move the motor to (279.265625, 140.4623260498047)
>> Round: 0.4296426773071289
>> Inference: 0.41512298583984375
Move the motor to (280.0983581542969, 142.96054077148438)
>> Round: 0.43188905715942383
>> Inference: 0.4109468460083008
Move the motor to (285.9275207519531, 150.45518493652344)
>> Round: 0.427990198135376
>> Inference: 0.42200613021850586
Move the motor to (278.432861328125, 137.96409606933594)
>> Round: 0.43937134742736816
>> Inference: 0.4146616458892822
Move the motor to (278.6157989501953, 149.18490600585938)
>> Round: 0.43179798126220703
>> Inference: 0.41751980781555176
Move the motor to (272.6576690673828, 138.11978149414062)
>> Round: 0.4344601631164551
>> Inference: 0.42066240310668945
Move the motor to (275.21116638183594, 150.88723754882812)
>> Round: 0.43778061866760254
>> Inference: 0.415698766708374
Move the motor to (276.0623321533203, 150.03607177734375)
>> Round: 0.43254899978637695
>> Inference: 0.412325382232666
Move the motor to (275.21116638183594, 157.69654846191406)
>> Round: 0.42975473403930664
>> Inference: 0.410369873046875
Move the motor to (285.1847381591797, 149.69356536865234)
>> Round: 0.4273688793182373
>> Inference: 0.4123222827911377
Move the motor to (287.7947235107422, 159.26351165771484)
>> Round: 0.4293043613433838
>> Inference: 0.4124329090118408
Move the motor to (299.1046600341797, 153.17354583740234)
>> Round: 0.43079042434692383
>> Inference: 0.42044997215270996
Move the motor to (312.1545867919922, 145.34358978271484)
>> Round: 0.43825650215148926
>> Inference: 0.4122781753540039
Move the motor to (311.01573944091797, 137.82142639160156)
>> Round: 0.42888426780700684
>> Inference: 0.41448426246643066
Move the motor to (325.4902572631836, 123.34690856933594)
>> Round: 0.4310917854309082
>> Inference: 0.4174327850341797
Move the motor to (336.8010711669922, 142.20386505126953)
>> Round: 0.443009614944458
>> Inference: 0.4141063690185547
Move the motor to (327.6349334716797, 153.03656768798828)
>> Round: 0.4315347671508789
>> Inference: 0.4253084659576416
Move the motor to (300.1365203857422, 162.20270538330078)
>> Round: 0.4457080364227295
>> Inference: 0.4413011074066162
Move the motor to (307.2345428466797, 152.68075561523438)
>> Round: 0.4615302085876465
>> Inference: 0.43642354011535645
Move the motor to (306.38282775878906, 143.3118133544922)
>> Round: 0.4530031681060791
Exiting... 
Cleaning up pins
