1/1: 0...  success (640x480 at 30.00 FPS).

(480, 640, 3) (480, 640, 3) 1
>> Init 24.29020929336548
>> Inference: 1.2545557022094727
Move the motor to (325.66387939453125, 225.01486206054688)
>> Round: 1.3574590682983398
>> Inference: 0.41559362411499023
Move the motor to (310.8872985839844, 212.4748992919922)
>> Round: 0.43477344512939453
>> Inference: 0.41839599609375
Move the motor to (318.928466796875, 222.8135528564453)
>> Round: 0.43596768379211426
>> Inference: 0.4207282066345215
Move the motor to (331.5646057128906, 214.77236938476562)
>> Round: 0.4376511573791504
>> Inference: 0.4155769348144531
Move the motor to (323.3787841796875, 224.41085815429688)
>> Round: 0.4324057102203369
>> Inference: 0.4143686294555664
Move the motor to (304.26666259765625, 214.2926788330078)
>> Round: 0.43111610412597656
>> Inference: 0.41278719902038574
Move the motor to (307.639404296875, 224.41085815429688)
>> Round: 0.43023109436035156
>> Inference: 0.4160785675048828
Move the motor to (311.51910400390625, 214.1986083984375)
>> Round: 0.4330570697784424
>> Inference: 0.4211597442626953
Move the motor to (317.2646789550781, 222.24241638183594)
>> Round: 0.4382932186126709
>> Inference: 0.4147346019744873
Move the motor to (329.90496826171875, 214.1986083984375)
>> Round: 0.431565523147583
>> Inference: 0.41761016845703125
Move the motor to (339.43907165527344, 201.68961334228516)
>> Round: 0.4345738887786865
>> Inference: 0.41480517387390137
Move the motor to (362.6921081542969, 188.2154769897461)
>> Round: 0.43163585662841797
>> Inference: 0.421161413192749
Move the motor to (375.8985290527344, 184.59449005126953)
>> Round: 0.4381554126739502
>> Inference: 0.4141273498535156
Move the motor to (331.5974884033203, 173.68096160888672)
>> Round: 0.43127989768981934
>> Inference: 0.41960883140563965
Move the motor to (316.6275329589844, 186.343505859375)
>> Round: 0.4365718364715576
>> Inference: 0.41275835037231445
Move the motor to (311.468994140625, 197.6922607421875)
>> Round: 0.4307589530944824
>> Inference: 0.41373109817504883
Move the motor to (310.0769958496094, 205.69384002685547)
>> Round: 0.4304673671722412
>> Inference: 0.4174916744232178
Move the motor to (312.9641418457031, 208.42975616455078)
>> Round: 0.4342629909515381
>> Inference: 0.4141416549682617
Move the motor to (314.0419921875, 198.7289810180664)
>> Round: 0.4319798946380615
>> Inference: 0.4120039939880371
Move the motor to (310.80841064453125, 186.87247467041016)
>> Round: 0.42890477180480957
>> Inference: 0.4221835136413574
Move the motor to (299.7252197265625, 169.71966552734375)
>> Round: 0.43951964378356934
>> Inference: 0.41262149810791016
Move the motor to (317.2834167480469, 178.3254852294922)
>> Round: 0.4294447898864746
>> Inference: 0.41507744789123535
Move the motor to (300.57090759277344, 191.66407012939453)
>> Round: 0.43191957473754883
>> Inference: 0.4157118797302246
Move the motor to (293.4983367919922, 198.73664093017578)
>> Round: 0.4332387447357178
>> Inference: 0.41812992095947266
Move the motor to (304.6123809814453, 185.60187530517578)
>> Round: 0.43509411811828613
>> Inference: 0.4148406982421875
Move the motor to (305.4077453613281, 192.49999237060547)
>> Round: 0.4316976070404053
>> Inference: 0.4156980514526367
Move the motor to (300.6354675292969, 183.94496154785156)
>> Round: 0.43285059928894043
>> Inference: 0.41260457038879395
Move the motor to (303.6675720214844, 186.97705078125)
>> Round: 0.4297811985015869
>> Inference: 0.4172804355621338
Move the motor to (286.4857177734375, 192.03053283691406)
>> Round: 0.43439364433288574
>> Inference: 0.4152674674987793
Move the motor to (296.33787536621094, 178.71861267089844)
>> Round: 0.4324607849121094
>> Inference: 0.41579246520996094
Move the motor to (314.5217742919922, 162.81304931640625)
>> Round: 0.4328193664550781
>> Inference: 0.4154984951019287
Move the motor to (298.06492614746094, 142.48399353027344)
>> Round: 0.4325587749481201
>> Inference: 0.41635608673095703
Move the motor to (293.2246856689453, 153.13255310058594)
>> Round: 0.43317747116088867
>> Inference: 0.41551685333251953
Move the motor to (298.06492614746094, 171.5255126953125)
>> Round: 0.43228745460510254
>> Inference: 0.418184757232666
Move the motor to (304.9787292480469, 186.25330352783203)
>> Round: 0.43528270721435547
>> Inference: 0.41733670234680176
Move the motor to (315.03228759765625, 200.20955657958984)
>> Round: 0.4347524642944336
>> Inference: 0.41492295265197754
Move the motor to (322.12120056152344, 194.52106475830078)
>> Round: 0.4321713447570801
>> Inference: 0.41721558570861816
Move the motor to (317.34715270996094, 195.92330932617188)
>> Round: 0.4341623783111572
>> Inference: 0.416226863861084
Move the motor to (304.8099365234375, 183.60125732421875)
>> Round: 0.4330251216888428
>> Inference: 0.4143490791320801
Move the motor to (307.7453918457031, 166.68199157714844)
>> Round: 0.4311060905456543
>> Inference: 0.41559290885925293
Move the motor to (309.5542907714844, 162.2673110961914)
>> Round: 0.4323406219482422
>> Inference: 0.4149479866027832
Move the motor to (306.70928955078125, 176.49239349365234)
>> Round: 0.4323391914367676
>> Inference: 0.4187586307525635
Move the motor to (294.3808898925781, 188.82079315185547)
>> Round: 0.43530797958374023
>> Inference: 0.41629719734191895
Move the motor to (294.34381103515625, 199.35382843017578)
>> Round: 0.4333977699279785
>> Inference: 0.4156215190887451
Move the motor to (289.4972229003906, 204.20043182373047)
>> Round: 0.43259549140930176
>> Inference: 0.4164247512817383
Move the motor to (288.52789306640625, 191.5992660522461)
>> Round: 0.43327760696411133
>> Inference: 0.41680407524108887
Move the motor to (283.37879943847656, 203.3210906982422)
>> Round: 0.434084415435791
>> Inference: 0.42018795013427734
Move the motor to (294.4961395263672, 193.6774673461914)
>> Round: 0.43730592727661133
>> Inference: 0.4114561080932617
Move the motor to (316.2997131347656, 202.68816375732422)
>> Round: 0.42832064628601074
>> Inference: 0.41611742973327637
Move the motor to (319.18896484375, 195.67142486572266)
>> Round: 0.4335017204284668
>> Inference: 0.41647982597351074
Move the motor to (320.4918212890625, 199.19302368164062)
>> Round: 0.43314361572265625
>> Inference: 0.4188392162322998
Move the motor to (305.7347869873047, 189.6207733154297)
>> Round: 0.4360618591308594
>> Inference: 0.4105820655822754
Move the motor to (302.69471740722656, 196.7142333984375)
>> Round: 0.4273030757904053
>> Inference: 0.42591261863708496
Move the motor to (294.04876708984375, 201.95628356933594)
>> Round: 0.4735441207885742
>> Inference: 0.4262104034423828
Move the motor to (292.82691955566406, 202.59052276611328)
>> Round: 0.44910335540771484
>> Inference: 0.4337117671966553
Move the motor to (293.61505126953125, 204.19454193115234)
>> Round: 0.459414005279541
>> Inference: 0.44188976287841797
Move the motor to (299.6540985107422, 202.61774444580078)
>> Round: 0.46170687675476074
>> Inference: 0.4185788631439209
Move the motor to (309.1332550048828, 212.94931030273438)
Exiting... 
Cleaning up pins
